DEBUG - 2026-03-31 10:35:43 --> Session: Class initialized using 'CodeIgniter\Session\Handlers\FileHandler' driver.
DEBUG - 2026-03-31 12:24:40 --> Session: Class initialized using 'CodeIgniter\Session\Handlers\FileHandler' driver.
DEBUG - 2026-03-31 12:24:46 --> Session: Class initialized using 'CodeIgniter\Session\Handlers\FileHandler' driver.
ERROR - 2026-03-31 12:28:03 --> Unknown column 'token_hash' in 'field list'
in SYSTEMPATH\Database\MySQLi\Connection.php on line 300.
 1 SYSTEMPATH\Database\MySQLi\Connection.php(300): mysqli->query('INSERT INTO `email_verifications` (`user_id`, `token_hash`, `expires_at`, `used_at`, `created_at`) VALUES (6, \'627c80d2bd7c82606bb0bc0c8740abd527f1fb3f3663f8b78a4846132c67e30b\', \'2026-04-01 12:28:03\', NULL, \'2026-03-31 12:28:03\')', 0)
 2 SYSTEMPATH\Database\BaseConnection.php(769): CodeIgniter\Database\MySQLi\Connection->execute('INSERT INTO `email_verifications` (`user_id`, `token_hash`, `expires_at`, `used_at`, `created_at`) VALUES (6, \'627c80d2bd7c82606bb0bc0c8740abd527f1fb3f3663f8b78a4846132c67e30b\', \'2026-04-01 12:28:03\', NULL, \'2026-03-31 12:28:03\')')
 3 SYSTEMPATH\Database\BaseConnection.php(686): CodeIgniter\Database\BaseConnection->simpleQuery('INSERT INTO `email_verifications` (`user_id`, `token_hash`, `expires_at`, `used_at`, `created_at`) VALUES (6, \'627c80d2bd7c82606bb0bc0c8740abd527f1fb3f3663f8b78a4846132c67e30b\', \'2026-04-01 12:28:03\', NULL, \'2026-03-31 12:28:03\')')
 4 SYSTEMPATH\Database\BaseBuilder.php(2345): CodeIgniter\Database\BaseConnection->query('INSERT INTO `email_verifications` (`user_id`, `token_hash`, `expires_at`, `used_at`, `created_at`) VALUES (:user_id:, :token_hash:, :expires_at:, :used_at:, :created_at:)', [...], false)
 5 SYSTEMPATH\Model.php(356): CodeIgniter\Database\BaseBuilder->insert()
 6 SYSTEMPATH\BaseModel.php(898): CodeIgniter\Model->doInsert([...])
 7 SYSTEMPATH\Model.php(665): CodeIgniter\BaseModel->insert([...], true)
 8 APPPATH\Controllers\AuthController.php(67): CodeIgniter\Model->insert([...])
 9 SYSTEMPATH\CodeIgniter.php(951): App\Controllers\AuthController->registerPost()
10 SYSTEMPATH\CodeIgniter.php(497): CodeIgniter\CodeIgniter->runController(Object(App\Controllers\AuthController))
11 SYSTEMPATH\CodeIgniter.php(340): CodeIgniter\CodeIgniter->handleRequest(null, Object(Config\Cache), false)
12 SYSTEMPATH\Boot.php(417): CodeIgniter\CodeIgniter->run()
13 SYSTEMPATH\Boot.php(68): CodeIgniter\Boot::runCodeIgniter(Object(CodeIgniter\CodeIgniter))
14 FCPATH\index.php(59): CodeIgniter\Boot::bootWeb(Object(Config\Paths))
CRITICAL - 2026-03-31 12:28:03 --> CodeIgniter\Database\Exceptions\DatabaseException: Unknown column 'token_hash' in 'field list'
[Method: POST, Route: register]
in SYSTEMPATH\Database\BaseConnection.php on line 724.
 1 SYSTEMPATH\Database\BaseBuilder.php(2345): CodeIgniter\Database\BaseConnection->query('INSERT INTO `email_verifications` (`user_id`, `token_hash`, `expires_at`, `used_at`, `created_at`) VALUES (:user_id:, :token_hash:, :expires_at:, :used_at:, :created_at:)', [...], false)
 2 SYSTEMPATH\Model.php(356): CodeIgniter\Database\BaseBuilder->insert()
 3 SYSTEMPATH\BaseModel.php(898): CodeIgniter\Model->doInsert([...])
 4 SYSTEMPATH\Model.php(665): CodeIgniter\BaseModel->insert([...], true)
 5 APPPATH\Controllers\AuthController.php(67): CodeIgniter\Model->insert([...])
 6 SYSTEMPATH\CodeIgniter.php(951): App\Controllers\AuthController->registerPost()
 7 SYSTEMPATH\CodeIgniter.php(497): CodeIgniter\CodeIgniter->runController(Object(App\Controllers\AuthController))
 8 SYSTEMPATH\CodeIgniter.php(340): CodeIgniter\CodeIgniter->handleRequest(null, Object(Config\Cache), false)
 9 SYSTEMPATH\Boot.php(417): CodeIgniter\CodeIgniter->run()
10 SYSTEMPATH\Boot.php(68): CodeIgniter\Boot::runCodeIgniter(Object(CodeIgniter\CodeIgniter))
11 FCPATH\index.php(59): CodeIgniter\Boot::bootWeb(Object(Config\Paths))
CRITICAL - 2026-03-31 12:28:03 --> [Caused by] CodeIgniter\Database\Exceptions\DatabaseException: Unknown column 'token_hash' in 'field list'
in SYSTEMPATH\Database\MySQLi\Connection.php on line 310.
 1 SYSTEMPATH\Database\BaseConnection.php(769): CodeIgniter\Database\MySQLi\Connection->execute('INSERT INTO `email_verifications` (`user_id`, `token_hash`, `expires_at`, `used_at`, `created_at`) VALUES (6, \'627c80d2bd7c82606bb0bc0c8740abd527f1fb3f3663f8b78a4846132c67e30b\', \'2026-04-01 12:28:03\', NULL, \'2026-03-31 12:28:03\')')
 2 SYSTEMPATH\Database\BaseConnection.php(686): CodeIgniter\Database\BaseConnection->simpleQuery('INSERT INTO `email_verifications` (`user_id`, `token_hash`, `expires_at`, `used_at`, `created_at`) VALUES (6, \'627c80d2bd7c82606bb0bc0c8740abd527f1fb3f3663f8b78a4846132c67e30b\', \'2026-04-01 12:28:03\', NULL, \'2026-03-31 12:28:03\')')
 3 SYSTEMPATH\Database\BaseBuilder.php(2345): CodeIgniter\Database\BaseConnection->query('INSERT INTO `email_verifications` (`user_id`, `token_hash`, `expires_at`, `used_at`, `created_at`) VALUES (:user_id:, :token_hash:, :expires_at:, :used_at:, :created_at:)', [...], false)
 4 SYSTEMPATH\Model.php(356): CodeIgniter\Database\BaseBuilder->insert()
 5 SYSTEMPATH\BaseModel.php(898): CodeIgniter\Model->doInsert([...])
 6 SYSTEMPATH\Model.php(665): CodeIgniter\BaseModel->insert([...], true)
 7 APPPATH\Controllers\AuthController.php(67): CodeIgniter\Model->insert([...])
 8 SYSTEMPATH\CodeIgniter.php(951): App\Controllers\AuthController->registerPost()
 9 SYSTEMPATH\CodeIgniter.php(497): CodeIgniter\CodeIgniter->runController(Object(App\Controllers\AuthController))
10 SYSTEMPATH\CodeIgniter.php(340): CodeIgniter\CodeIgniter->handleRequest(null, Object(Config\Cache), false)
11 SYSTEMPATH\Boot.php(417): CodeIgniter\CodeIgniter->run()
12 SYSTEMPATH\Boot.php(68): CodeIgniter\Boot::runCodeIgniter(Object(CodeIgniter\CodeIgniter))
13 FCPATH\index.php(59): CodeIgniter\Boot::bootWeb(Object(Config\Paths))
CRITICAL - 2026-03-31 12:28:03 --> [Caused by] mysqli_sql_exception: Unknown column 'token_hash' in 'field list'
in SYSTEMPATH\Database\MySQLi\Connection.php on line 300.
 1 SYSTEMPATH\Database\MySQLi\Connection.php(300): mysqli->query('INSERT INTO `email_verifications` (`user_id`, `token_hash`, `expires_at`, `used_at`, `created_at`) VALUES (6, \'627c80d2bd7c82606bb0bc0c8740abd527f1fb3f3663f8b78a4846132c67e30b\', \'2026-04-01 12:28:03\', NULL, \'2026-03-31 12:28:03\')', 0)
 2 SYSTEMPATH\Database\BaseConnection.php(769): CodeIgniter\Database\MySQLi\Connection->execute('INSERT INTO `email_verifications` (`user_id`, `token_hash`, `expires_at`, `used_at`, `created_at`) VALUES (6, \'627c80d2bd7c82606bb0bc0c8740abd527f1fb3f3663f8b78a4846132c67e30b\', \'2026-04-01 12:28:03\', NULL, \'2026-03-31 12:28:03\')')
 3 SYSTEMPATH\Database\BaseConnection.php(686): CodeIgniter\Database\BaseConnection->simpleQuery('INSERT INTO `email_verifications` (`user_id`, `token_hash`, `expires_at`, `used_at`, `created_at`) VALUES (6, \'627c80d2bd7c82606bb0bc0c8740abd527f1fb3f3663f8b78a4846132c67e30b\', \'2026-04-01 12:28:03\', NULL, \'2026-03-31 12:28:03\')')
 4 SYSTEMPATH\Database\BaseBuilder.php(2345): CodeIgniter\Database\BaseConnection->query('INSERT INTO `email_verifications` (`user_id`, `token_hash`, `expires_at`, `used_at`, `created_at`) VALUES (:user_id:, :token_hash:, :expires_at:, :used_at:, :created_at:)', [...], false)
 5 SYSTEMPATH\Model.php(356): CodeIgniter\Database\BaseBuilder->insert()
 6 SYSTEMPATH\BaseModel.php(898): CodeIgniter\Model->doInsert([...])
 7 SYSTEMPATH\Model.php(665): CodeIgniter\BaseModel->insert([...], true)
 8 APPPATH\Controllers\AuthController.php(67): CodeIgniter\Model->insert([...])
 9 SYSTEMPATH\CodeIgniter.php(951): App\Controllers\AuthController->registerPost()
10 SYSTEMPATH\CodeIgniter.php(497): CodeIgniter\CodeIgniter->runController(Object(App\Controllers\AuthController))
11 SYSTEMPATH\CodeIgniter.php(340): CodeIgniter\CodeIgniter->handleRequest(null, Object(Config\Cache), false)
12 SYSTEMPATH\Boot.php(417): CodeIgniter\CodeIgniter->run()
13 SYSTEMPATH\Boot.php(68): CodeIgniter\Boot::runCodeIgniter(Object(CodeIgniter\CodeIgniter))
14 FCPATH\index.php(59): CodeIgniter\Boot::bootWeb(Object(Config\Paths))
ERROR - 2026-03-31 12:29:00 --> Unknown column 'token_hash' in 'field list'
in SYSTEMPATH\Database\MySQLi\Connection.php on line 300.
 1 SYSTEMPATH\Database\MySQLi\Connection.php(300): mysqli->query('INSERT INTO `email_verifications` (`user_id`, `token_hash`, `expires_at`, `used_at`, `created_at`) VALUES (7, \'862addcd5ab9f6fd4d68f560fc2e543883c59d48dfc17a09823cf54595f02227\', \'2026-04-01 12:29:00\', NULL, \'2026-03-31 12:29:00\')', 0)
 2 SYSTEMPATH\Database\BaseConnection.php(769): CodeIgniter\Database\MySQLi\Connection->execute('INSERT INTO `email_verifications` (`user_id`, `token_hash`, `expires_at`, `used_at`, `created_at`) VALUES (7, \'862addcd5ab9f6fd4d68f560fc2e543883c59d48dfc17a09823cf54595f02227\', \'2026-04-01 12:29:00\', NULL, \'2026-03-31 12:29:00\')')
 3 SYSTEMPATH\Database\BaseConnection.php(686): CodeIgniter\Database\BaseConnection->simpleQuery('INSERT INTO `email_verifications` (`user_id`, `token_hash`, `expires_at`, `used_at`, `created_at`) VALUES (7, \'862addcd5ab9f6fd4d68f560fc2e543883c59d48dfc17a09823cf54595f02227\', \'2026-04-01 12:29:00\', NULL, \'2026-03-31 12:29:00\')')
 4 SYSTEMPATH\Database\BaseBuilder.php(2345): CodeIgniter\Database\BaseConnection->query('INSERT INTO `email_verifications` (`user_id`, `token_hash`, `expires_at`, `used_at`, `created_at`) VALUES (:user_id:, :token_hash:, :expires_at:, :used_at:, :created_at:)', [...], false)
 5 SYSTEMPATH\Model.php(356): CodeIgniter\Database\BaseBuilder->insert()
 6 SYSTEMPATH\BaseModel.php(898): CodeIgniter\Model->doInsert([...])
 7 SYSTEMPATH\Model.php(665): CodeIgniter\BaseModel->insert([...], true)
 8 APPPATH\Controllers\AuthController.php(67): CodeIgniter\Model->insert([...])
 9 SYSTEMPATH\CodeIgniter.php(951): App\Controllers\AuthController->registerPost()
10 SYSTEMPATH\CodeIgniter.php(497): CodeIgniter\CodeIgniter->runController(Object(App\Controllers\AuthController))
11 SYSTEMPATH\CodeIgniter.php(340): CodeIgniter\CodeIgniter->handleRequest(null, Object(Config\Cache), false)
12 SYSTEMPATH\Boot.php(417): CodeIgniter\CodeIgniter->run()
13 SYSTEMPATH\Boot.php(68): CodeIgniter\Boot::runCodeIgniter(Object(CodeIgniter\CodeIgniter))
14 FCPATH\index.php(59): CodeIgniter\Boot::bootWeb(Object(Config\Paths))
CRITICAL - 2026-03-31 12:29:00 --> CodeIgniter\Database\Exceptions\DatabaseException: Unknown column 'token_hash' in 'field list'
[Method: POST, Route: register]
in SYSTEMPATH\Database\BaseConnection.php on line 724.
 1 SYSTEMPATH\Database\BaseBuilder.php(2345): CodeIgniter\Database\BaseConnection->query('INSERT INTO `email_verifications` (`user_id`, `token_hash`, `expires_at`, `used_at`, `created_at`) VALUES (:user_id:, :token_hash:, :expires_at:, :used_at:, :created_at:)', [...], false)
 2 SYSTEMPATH\Model.php(356): CodeIgniter\Database\BaseBuilder->insert()
 3 SYSTEMPATH\BaseModel.php(898): CodeIgniter\Model->doInsert([...])
 4 SYSTEMPATH\Model.php(665): CodeIgniter\BaseModel->insert([...], true)
 5 APPPATH\Controllers\AuthController.php(67): CodeIgniter\Model->insert([...])
 6 SYSTEMPATH\CodeIgniter.php(951): App\Controllers\AuthController->registerPost()
 7 SYSTEMPATH\CodeIgniter.php(497): CodeIgniter\CodeIgniter->runController(Object(App\Controllers\AuthController))
 8 SYSTEMPATH\CodeIgniter.php(340): CodeIgniter\CodeIgniter->handleRequest(null, Object(Config\Cache), false)
 9 SYSTEMPATH\Boot.php(417): CodeIgniter\CodeIgniter->run()
10 SYSTEMPATH\Boot.php(68): CodeIgniter\Boot::runCodeIgniter(Object(CodeIgniter\CodeIgniter))
11 FCPATH\index.php(59): CodeIgniter\Boot::bootWeb(Object(Config\Paths))
CRITICAL - 2026-03-31 12:29:00 --> [Caused by] CodeIgniter\Database\Exceptions\DatabaseException: Unknown column 'token_hash' in 'field list'
in SYSTEMPATH\Database\MySQLi\Connection.php on line 310.
 1 SYSTEMPATH\Database\BaseConnection.php(769): CodeIgniter\Database\MySQLi\Connection->execute('INSERT INTO `email_verifications` (`user_id`, `token_hash`, `expires_at`, `used_at`, `created_at`) VALUES (7, \'862addcd5ab9f6fd4d68f560fc2e543883c59d48dfc17a09823cf54595f02227\', \'2026-04-01 12:29:00\', NULL, \'2026-03-31 12:29:00\')')
 2 SYSTEMPATH\Database\BaseConnection.php(686): CodeIgniter\Database\BaseConnection->simpleQuery('INSERT INTO `email_verifications` (`user_id`, `token_hash`, `expires_at`, `used_at`, `created_at`) VALUES (7, \'862addcd5ab9f6fd4d68f560fc2e543883c59d48dfc17a09823cf54595f02227\', \'2026-04-01 12:29:00\', NULL, \'2026-03-31 12:29:00\')')
 3 SYSTEMPATH\Database\BaseBuilder.php(2345): CodeIgniter\Database\BaseConnection->query('INSERT INTO `email_verifications` (`user_id`, `token_hash`, `expires_at`, `used_at`, `created_at`) VALUES (:user_id:, :token_hash:, :expires_at:, :used_at:, :created_at:)', [...], false)
 4 SYSTEMPATH\Model.php(356): CodeIgniter\Database\BaseBuilder->insert()
 5 SYSTEMPATH\BaseModel.php(898): CodeIgniter\Model->doInsert([...])
 6 SYSTEMPATH\Model.php(665): CodeIgniter\BaseModel->insert([...], true)
 7 APPPATH\Controllers\AuthController.php(67): CodeIgniter\Model->insert([...])
 8 SYSTEMPATH\CodeIgniter.php(951): App\Controllers\AuthController->registerPost()
 9 SYSTEMPATH\CodeIgniter.php(497): CodeIgniter\CodeIgniter->runController(Object(App\Controllers\AuthController))
10 SYSTEMPATH\CodeIgniter.php(340): CodeIgniter\CodeIgniter->handleRequest(null, Object(Config\Cache), false)
11 SYSTEMPATH\Boot.php(417): CodeIgniter\CodeIgniter->run()
12 SYSTEMPATH\Boot.php(68): CodeIgniter\Boot::runCodeIgniter(Object(CodeIgniter\CodeIgniter))
13 FCPATH\index.php(59): CodeIgniter\Boot::bootWeb(Object(Config\Paths))
CRITICAL - 2026-03-31 12:29:00 --> [Caused by] mysqli_sql_exception: Unknown column 'token_hash' in 'field list'
in SYSTEMPATH\Database\MySQLi\Connection.php on line 300.
 1 SYSTEMPATH\Database\MySQLi\Connection.php(300): mysqli->query('INSERT INTO `email_verifications` (`user_id`, `token_hash`, `expires_at`, `used_at`, `created_at`) VALUES (7, \'862addcd5ab9f6fd4d68f560fc2e543883c59d48dfc17a09823cf54595f02227\', \'2026-04-01 12:29:00\', NULL, \'2026-03-31 12:29:00\')', 0)
 2 SYSTEMPATH\Database\BaseConnection.php(769): CodeIgniter\Database\MySQLi\Connection->execute('INSERT INTO `email_verifications` (`user_id`, `token_hash`, `expires_at`, `used_at`, `created_at`) VALUES (7, \'862addcd5ab9f6fd4d68f560fc2e543883c59d48dfc17a09823cf54595f02227\', \'2026-04-01 12:29:00\', NULL, \'2026-03-31 12:29:00\')')
 3 SYSTEMPATH\Database\BaseConnection.php(686): CodeIgniter\Database\BaseConnection->simpleQuery('INSERT INTO `email_verifications` (`user_id`, `token_hash`, `expires_at`, `used_at`, `created_at`) VALUES (7, \'862addcd5ab9f6fd4d68f560fc2e543883c59d48dfc17a09823cf54595f02227\', \'2026-04-01 12:29:00\', NULL, \'2026-03-31 12:29:00\')')
 4 SYSTEMPATH\Database\BaseBuilder.php(2345): CodeIgniter\Database\BaseConnection->query('INSERT INTO `email_verifications` (`user_id`, `token_hash`, `expires_at`, `used_at`, `created_at`) VALUES (:user_id:, :token_hash:, :expires_at:, :used_at:, :created_at:)', [...], false)
 5 SYSTEMPATH\Model.php(356): CodeIgniter\Database\BaseBuilder->insert()
 6 SYSTEMPATH\BaseModel.php(898): CodeIgniter\Model->doInsert([...])
 7 SYSTEMPATH\Model.php(665): CodeIgniter\BaseModel->insert([...], true)
 8 APPPATH\Controllers\AuthController.php(67): CodeIgniter\Model->insert([...])
 9 SYSTEMPATH\CodeIgniter.php(951): App\Controllers\AuthController->registerPost()
10 SYSTEMPATH\CodeIgniter.php(497): CodeIgniter\CodeIgniter->runController(Object(App\Controllers\AuthController))
11 SYSTEMPATH\CodeIgniter.php(340): CodeIgniter\CodeIgniter->handleRequest(null, Object(Config\Cache), false)
12 SYSTEMPATH\Boot.php(417): CodeIgniter\CodeIgniter->run()
13 SYSTEMPATH\Boot.php(68): CodeIgniter\Boot::runCodeIgniter(Object(CodeIgniter\CodeIgniter))
14 FCPATH\index.php(59): CodeIgniter\Boot::bootWeb(Object(Config\Paths))
DEBUG - 2026-03-31 13:10:33 --> Session: Class initialized using 'CodeIgniter\Session\Handlers\FileHandler' driver.
DEBUG - 2026-03-31 13:10:34 --> Session: Class initialized using 'CodeIgniter\Session\Handlers\FileHandler' driver.
DEBUG - 2026-03-31 13:10:46 --> Session: Class initialized using 'CodeIgniter\Session\Handlers\FileHandler' driver.
DEBUG - 2026-03-31 13:10:47 --> Session: Class initialized using 'CodeIgniter\Session\Handlers\FileHandler' driver.
DEBUG - 2026-03-31 13:10:47 --> Session: Class initialized using 'CodeIgniter\Session\Handlers\FileHandler' driver.
DEBUG - 2026-03-31 13:10:48 --> Session: Class initialized using 'CodeIgniter\Session\Handlers\FileHandler' driver.
DEBUG - 2026-03-31 13:10:56 --> Session: Class initialized using 'CodeIgniter\Session\Handlers\FileHandler' driver.
DEBUG - 2026-03-31 13:11:06 --> Session: Class initialized using 'CodeIgniter\Session\Handlers\FileHandler' driver.
DEBUG - 2026-03-31 13:11:07 --> Session: Class initialized using 'CodeIgniter\Session\Handlers\FileHandler' driver.
DEBUG - 2026-03-31 13:13:57 --> Session: Class initialized using 'CodeIgniter\Session\Handlers\FileHandler' driver.
DEBUG - 2026-03-31 13:14:09 --> Session: Class initialized using 'CodeIgniter\Session\Handlers\FileHandler' driver.
DEBUG - 2026-03-31 13:14:10 --> Session: Class initialized using 'CodeIgniter\Session\Handlers\FileHandler' driver.
DEBUG - 2026-03-31 13:15:24 --> Session: Class initialized using 'CodeIgniter\Session\Handlers\FileHandler' driver.
DEBUG - 2026-03-31 13:15:47 --> Session: Class initialized using 'CodeIgniter\Session\Handlers\FileHandler' driver.
DEBUG - 2026-03-31 13:15:48 --> Session: Class initialized using 'CodeIgniter\Session\Handlers\FileHandler' driver.
DEBUG - 2026-03-31 13:16:41 --> Session: Class initialized using 'CodeIgniter\Session\Handlers\FileHandler' driver.
ERROR - 2026-03-31 13:16:41 --> Unknown column 'token_hash' in 'field list'
in SYSTEMPATH\Database\MySQLi\Connection.php on line 300.
 1 SYSTEMPATH\Database\MySQLi\Connection.php(300): mysqli->query('INSERT INTO `email_verifications` (`user_id`, `token_hash`, `expires_at`, `used_at`, `created_at`) VALUES (8, \'db41861436f828b8538839a12f9676d4f025536b9b38767a261282419764cfd0\', \'2026-04-01 13:16:41\', NULL, \'2026-03-31 13:16:41\')', 0)
 2 SYSTEMPATH\Database\BaseConnection.php(769): CodeIgniter\Database\MySQLi\Connection->execute('INSERT INTO `email_verifications` (`user_id`, `token_hash`, `expires_at`, `used_at`, `created_at`) VALUES (8, \'db41861436f828b8538839a12f9676d4f025536b9b38767a261282419764cfd0\', \'2026-04-01 13:16:41\', NULL, \'2026-03-31 13:16:41\')')
 3 SYSTEMPATH\Database\BaseConnection.php(686): CodeIgniter\Database\BaseConnection->simpleQuery('INSERT INTO `email_verifications` (`user_id`, `token_hash`, `expires_at`, `used_at`, `created_at`) VALUES (8, \'db41861436f828b8538839a12f9676d4f025536b9b38767a261282419764cfd0\', \'2026-04-01 13:16:41\', NULL, \'2026-03-31 13:16:41\')')
 4 SYSTEMPATH\Database\BaseBuilder.php(2345): CodeIgniter\Database\BaseConnection->query('INSERT INTO `email_verifications` (`user_id`, `token_hash`, `expires_at`, `used_at`, `created_at`) VALUES (:user_id:, :token_hash:, :expires_at:, :used_at:, :created_at:)', [...], false)
 5 SYSTEMPATH\Model.php(356): CodeIgniter\Database\BaseBuilder->insert()
 6 SYSTEMPATH\BaseModel.php(898): CodeIgniter\Model->doInsert([...])
 7 SYSTEMPATH\Model.php(665): CodeIgniter\BaseModel->insert([...], true)
 8 APPPATH\Controllers\AuthController.php(67): CodeIgniter\Model->insert([...])
 9 SYSTEMPATH\CodeIgniter.php(951): App\Controllers\AuthController->registerPost()
10 SYSTEMPATH\CodeIgniter.php(497): CodeIgniter\CodeIgniter->runController(Object(App\Controllers\AuthController))
11 SYSTEMPATH\CodeIgniter.php(340): CodeIgniter\CodeIgniter->handleRequest(null, Object(Config\Cache), false)
12 SYSTEMPATH\Boot.php(417): CodeIgniter\CodeIgniter->run()
13 SYSTEMPATH\Boot.php(68): CodeIgniter\Boot::runCodeIgniter(Object(CodeIgniter\CodeIgniter))
14 FCPATH\index.php(59): CodeIgniter\Boot::bootWeb(Object(Config\Paths))
CRITICAL - 2026-03-31 13:16:41 --> CodeIgniter\Database\Exceptions\DatabaseException: Unknown column 'token_hash' in 'field list'
[Method: POST, Route: register]
in SYSTEMPATH\Database\BaseConnection.php on line 724.
 1 SYSTEMPATH\Database\BaseBuilder.php(2345): CodeIgniter\Database\BaseConnection->query('INSERT INTO `email_verifications` (`user_id`, `token_hash`, `expires_at`, `used_at`, `created_at`) VALUES (:user_id:, :token_hash:, :expires_at:, :used_at:, :created_at:)', [...], false)
 2 SYSTEMPATH\Model.php(356): CodeIgniter\Database\BaseBuilder->insert()
 3 SYSTEMPATH\BaseModel.php(898): CodeIgniter\Model->doInsert([...])
 4 SYSTEMPATH\Model.php(665): CodeIgniter\BaseModel->insert([...], true)
 5 APPPATH\Controllers\AuthController.php(67): CodeIgniter\Model->insert([...])
 6 SYSTEMPATH\CodeIgniter.php(951): App\Controllers\AuthController->registerPost()
 7 SYSTEMPATH\CodeIgniter.php(497): CodeIgniter\CodeIgniter->runController(Object(App\Controllers\AuthController))
 8 SYSTEMPATH\CodeIgniter.php(340): CodeIgniter\CodeIgniter->handleRequest(null, Object(Config\Cache), false)
 9 SYSTEMPATH\Boot.php(417): CodeIgniter\CodeIgniter->run()
10 SYSTEMPATH\Boot.php(68): CodeIgniter\Boot::runCodeIgniter(Object(CodeIgniter\CodeIgniter))
11 FCPATH\index.php(59): CodeIgniter\Boot::bootWeb(Object(Config\Paths))
CRITICAL - 2026-03-31 13:16:41 --> [Caused by] CodeIgniter\Database\Exceptions\DatabaseException: Unknown column 'token_hash' in 'field list'
in SYSTEMPATH\Database\MySQLi\Connection.php on line 310.
 1 SYSTEMPATH\Database\BaseConnection.php(769): CodeIgniter\Database\MySQLi\Connection->execute('INSERT INTO `email_verifications` (`user_id`, `token_hash`, `expires_at`, `used_at`, `created_at`) VALUES (8, \'db41861436f828b8538839a12f9676d4f025536b9b38767a261282419764cfd0\', \'2026-04-01 13:16:41\', NULL, \'2026-03-31 13:16:41\')')
 2 SYSTEMPATH\Database\BaseConnection.php(686): CodeIgniter\Database\BaseConnection->simpleQuery('INSERT INTO `email_verifications` (`user_id`, `token_hash`, `expires_at`, `used_at`, `created_at`) VALUES (8, \'db41861436f828b8538839a12f9676d4f025536b9b38767a261282419764cfd0\', \'2026-04-01 13:16:41\', NULL, \'2026-03-31 13:16:41\')')
 3 SYSTEMPATH\Database\BaseBuilder.php(2345): CodeIgniter\Database\BaseConnection->query('INSERT INTO `email_verifications` (`user_id`, `token_hash`, `expires_at`, `used_at`, `created_at`) VALUES (:user_id:, :token_hash:, :expires_at:, :used_at:, :created_at:)', [...], false)
 4 SYSTEMPATH\Model.php(356): CodeIgniter\Database\BaseBuilder->insert()
 5 SYSTEMPATH\BaseModel.php(898): CodeIgniter\Model->doInsert([...])
 6 SYSTEMPATH\Model.php(665): CodeIgniter\BaseModel->insert([...], true)
 7 APPPATH\Controllers\AuthController.php(67): CodeIgniter\Model->insert([...])
 8 SYSTEMPATH\CodeIgniter.php(951): App\Controllers\AuthController->registerPost()
 9 SYSTEMPATH\CodeIgniter.php(497): CodeIgniter\CodeIgniter->runController(Object(App\Controllers\AuthController))
10 SYSTEMPATH\CodeIgniter.php(340): CodeIgniter\CodeIgniter->handleRequest(null, Object(Config\Cache), false)
11 SYSTEMPATH\Boot.php(417): CodeIgniter\CodeIgniter->run()
12 SYSTEMPATH\Boot.php(68): CodeIgniter\Boot::runCodeIgniter(Object(CodeIgniter\CodeIgniter))
13 FCPATH\index.php(59): CodeIgniter\Boot::bootWeb(Object(Config\Paths))
CRITICAL - 2026-03-31 13:16:41 --> [Caused by] mysqli_sql_exception: Unknown column 'token_hash' in 'field list'
in SYSTEMPATH\Database\MySQLi\Connection.php on line 300.
 1 SYSTEMPATH\Database\MySQLi\Connection.php(300): mysqli->query('INSERT INTO `email_verifications` (`user_id`, `token_hash`, `expires_at`, `used_at`, `created_at`) VALUES (8, \'db41861436f828b8538839a12f9676d4f025536b9b38767a261282419764cfd0\', \'2026-04-01 13:16:41\', NULL, \'2026-03-31 13:16:41\')', 0)
 2 SYSTEMPATH\Database\BaseConnection.php(769): CodeIgniter\Database\MySQLi\Connection->execute('INSERT INTO `email_verifications` (`user_id`, `token_hash`, `expires_at`, `used_at`, `created_at`) VALUES (8, \'db41861436f828b8538839a12f9676d4f025536b9b38767a261282419764cfd0\', \'2026-04-01 13:16:41\', NULL, \'2026-03-31 13:16:41\')')
 3 SYSTEMPATH\Database\BaseConnection.php(686): CodeIgniter\Database\BaseConnection->simpleQuery('INSERT INTO `email_verifications` (`user_id`, `token_hash`, `expires_at`, `used_at`, `created_at`) VALUES (8, \'db41861436f828b8538839a12f9676d4f025536b9b38767a261282419764cfd0\', \'2026-04-01 13:16:41\', NULL, \'2026-03-31 13:16:41\')')
 4 SYSTEMPATH\Database\BaseBuilder.php(2345): CodeIgniter\Database\BaseConnection->query('INSERT INTO `email_verifications` (`user_id`, `token_hash`, `expires_at`, `used_at`, `created_at`) VALUES (:user_id:, :token_hash:, :expires_at:, :used_at:, :created_at:)', [...], false)
 5 SYSTEMPATH\Model.php(356): CodeIgniter\Database\BaseBuilder->insert()
 6 SYSTEMPATH\BaseModel.php(898): CodeIgniter\Model->doInsert([...])
 7 SYSTEMPATH\Model.php(665): CodeIgniter\BaseModel->insert([...], true)
 8 APPPATH\Controllers\AuthController.php(67): CodeIgniter\Model->insert([...])
 9 SYSTEMPATH\CodeIgniter.php(951): App\Controllers\AuthController->registerPost()
10 SYSTEMPATH\CodeIgniter.php(497): CodeIgniter\CodeIgniter->runController(Object(App\Controllers\AuthController))
11 SYSTEMPATH\CodeIgniter.php(340): CodeIgniter\CodeIgniter->handleRequest(null, Object(Config\Cache), false)
12 SYSTEMPATH\Boot.php(417): CodeIgniter\CodeIgniter->run()
13 SYSTEMPATH\Boot.php(68): CodeIgniter\Boot::runCodeIgniter(Object(CodeIgniter\CodeIgniter))
14 FCPATH\index.php(59): CodeIgniter\Boot::bootWeb(Object(Config\Paths))
DEBUG - 2026-03-31 13:24:39 --> Session: Class initialized using 'CodeIgniter\Session\Handlers\FileHandler' driver.
ERROR - 2026-03-31 13:24:39 --> Unknown column 'password' in 'field list'
in SYSTEMPATH\Database\MySQLi\Connection.php on line 300.
 1 SYSTEMPATH\Database\MySQLi\Connection.php(300): mysqli->query('INSERT INTO `users` (`email`, `password`, `created_at`) VALUES (\'levi@eastminster.ac.uk\', \'$2y$10$jbJtW3YrFJnUDXVoESLl3uK7PFZUn2SHZPs3.gy0LMjW6Aotgt03S\', \'2026-03-31 13:24:39\')', 0)
 2 SYSTEMPATH\Database\BaseConnection.php(769): CodeIgniter\Database\MySQLi\Connection->execute('INSERT INTO `users` (`email`, `password`, `created_at`) VALUES (\'levi@eastminster.ac.uk\', \'$2y$10$jbJtW3YrFJnUDXVoESLl3uK7PFZUn2SHZPs3.gy0LMjW6Aotgt03S\', \'2026-03-31 13:24:39\')')
 3 SYSTEMPATH\Database\BaseConnection.php(686): CodeIgniter\Database\BaseConnection->simpleQuery('INSERT INTO `users` (`email`, `password`, `created_at`) VALUES (\'levi@eastminster.ac.uk\', \'$2y$10$jbJtW3YrFJnUDXVoESLl3uK7PFZUn2SHZPs3.gy0LMjW6Aotgt03S\', \'2026-03-31 13:24:39\')')
 4 SYSTEMPATH\Database\BaseBuilder.php(2345): CodeIgniter\Database\BaseConnection->query('INSERT INTO `users` (`email`, `password`, `created_at`) VALUES (:email:, :password:, :created_at:)', [...], false)
 5 APPPATH\Controllers\AuthController.php(27): CodeIgniter\Database\BaseBuilder->insert([...])
 6 SYSTEMPATH\CodeIgniter.php(951): App\Controllers\AuthController->registerPost()
 7 SYSTEMPATH\CodeIgniter.php(497): CodeIgniter\CodeIgniter->runController(Object(App\Controllers\AuthController))
 8 SYSTEMPATH\CodeIgniter.php(340): CodeIgniter\CodeIgniter->handleRequest(null, Object(Config\Cache), false)
 9 SYSTEMPATH\Boot.php(417): CodeIgniter\CodeIgniter->run()
10 SYSTEMPATH\Boot.php(68): CodeIgniter\Boot::runCodeIgniter(Object(CodeIgniter\CodeIgniter))
11 FCPATH\index.php(59): CodeIgniter\Boot::bootWeb(Object(Config\Paths))
CRITICAL - 2026-03-31 13:24:39 --> CodeIgniter\Database\Exceptions\DatabaseException: Unknown column 'password' in 'field list'
[Method: POST, Route: register]
in SYSTEMPATH\Database\BaseConnection.php on line 724.
 1 SYSTEMPATH\Database\BaseBuilder.php(2345): CodeIgniter\Database\BaseConnection->query('INSERT INTO `users` (`email`, `password`, `created_at`) VALUES (:email:, :password:, :created_at:)', [...], false)
 2 APPPATH\Controllers\AuthController.php(27): CodeIgniter\Database\BaseBuilder->insert([...])
 3 SYSTEMPATH\CodeIgniter.php(951): App\Controllers\AuthController->registerPost()
 4 SYSTEMPATH\CodeIgniter.php(497): CodeIgniter\CodeIgniter->runController(Object(App\Controllers\AuthController))
 5 SYSTEMPATH\CodeIgniter.php(340): CodeIgniter\CodeIgniter->handleRequest(null, Object(Config\Cache), false)
 6 SYSTEMPATH\Boot.php(417): CodeIgniter\CodeIgniter->run()
 7 SYSTEMPATH\Boot.php(68): CodeIgniter\Boot::runCodeIgniter(Object(CodeIgniter\CodeIgniter))
 8 FCPATH\index.php(59): CodeIgniter\Boot::bootWeb(Object(Config\Paths))
CRITICAL - 2026-03-31 13:24:39 --> [Caused by] CodeIgniter\Database\Exceptions\DatabaseException: Unknown column 'password' in 'field list'
in SYSTEMPATH\Database\MySQLi\Connection.php on line 310.
 1 SYSTEMPATH\Database\BaseConnection.php(769): CodeIgniter\Database\MySQLi\Connection->execute('INSERT INTO `users` (`email`, `password`, `created_at`) VALUES (\'levi@eastminster.ac.uk\', \'$2y$10$jbJtW3YrFJnUDXVoESLl3uK7PFZUn2SHZPs3.gy0LMjW6Aotgt03S\', \'2026-03-31 13:24:39\')')
 2 SYSTEMPATH\Database\BaseConnection.php(686): CodeIgniter\Database\BaseConnection->simpleQuery('INSERT INTO `users` (`email`, `password`, `created_at`) VALUES (\'levi@eastminster.ac.uk\', \'$2y$10$jbJtW3YrFJnUDXVoESLl3uK7PFZUn2SHZPs3.gy0LMjW6Aotgt03S\', \'2026-03-31 13:24:39\')')
 3 SYSTEMPATH\Database\BaseBuilder.php(2345): CodeIgniter\Database\BaseConnection->query('INSERT INTO `users` (`email`, `password`, `created_at`) VALUES (:email:, :password:, :created_at:)', [...], false)
 4 APPPATH\Controllers\AuthController.php(27): CodeIgniter\Database\BaseBuilder->insert([...])
 5 SYSTEMPATH\CodeIgniter.php(951): App\Controllers\AuthController->registerPost()
 6 SYSTEMPATH\CodeIgniter.php(497): CodeIgniter\CodeIgniter->runController(Object(App\Controllers\AuthController))
 7 SYSTEMPATH\CodeIgniter.php(340): CodeIgniter\CodeIgniter->handleRequest(null, Object(Config\Cache), false)
 8 SYSTEMPATH\Boot.php(417): CodeIgniter\CodeIgniter->run()
 9 SYSTEMPATH\Boot.php(68): CodeIgniter\Boot::runCodeIgniter(Object(CodeIgniter\CodeIgniter))
10 FCPATH\index.php(59): CodeIgniter\Boot::bootWeb(Object(Config\Paths))
CRITICAL - 2026-03-31 13:24:39 --> [Caused by] mysqli_sql_exception: Unknown column 'password' in 'field list'
in SYSTEMPATH\Database\MySQLi\Connection.php on line 300.
 1 SYSTEMPATH\Database\MySQLi\Connection.php(300): mysqli->query('INSERT INTO `users` (`email`, `password`, `created_at`) VALUES (\'levi@eastminster.ac.uk\', \'$2y$10$jbJtW3YrFJnUDXVoESLl3uK7PFZUn2SHZPs3.gy0LMjW6Aotgt03S\', \'2026-03-31 13:24:39\')', 0)
 2 SYSTEMPATH\Database\BaseConnection.php(769): CodeIgniter\Database\MySQLi\Connection->execute('INSERT INTO `users` (`email`, `password`, `created_at`) VALUES (\'levi@eastminster.ac.uk\', \'$2y$10$jbJtW3YrFJnUDXVoESLl3uK7PFZUn2SHZPs3.gy0LMjW6Aotgt03S\', \'2026-03-31 13:24:39\')')
 3 SYSTEMPATH\Database\BaseConnection.php(686): CodeIgniter\Database\BaseConnection->simpleQuery('INSERT INTO `users` (`email`, `password`, `created_at`) VALUES (\'levi@eastminster.ac.uk\', \'$2y$10$jbJtW3YrFJnUDXVoESLl3uK7PFZUn2SHZPs3.gy0LMjW6Aotgt03S\', \'2026-03-31 13:24:39\')')
 4 SYSTEMPATH\Database\BaseBuilder.php(2345): CodeIgniter\Database\BaseConnection->query('INSERT INTO `users` (`email`, `password`, `created_at`) VALUES (:email:, :password:, :created_at:)', [...], false)
 5 APPPATH\Controllers\AuthController.php(27): CodeIgniter\Database\BaseBuilder->insert([...])
 6 SYSTEMPATH\CodeIgniter.php(951): App\Controllers\AuthController->registerPost()
 7 SYSTEMPATH\CodeIgniter.php(497): CodeIgniter\CodeIgniter->runController(Object(App\Controllers\AuthController))
 8 SYSTEMPATH\CodeIgniter.php(340): CodeIgniter\CodeIgniter->handleRequest(null, Object(Config\Cache), false)
 9 SYSTEMPATH\Boot.php(417): CodeIgniter\CodeIgniter->run()
10 SYSTEMPATH\Boot.php(68): CodeIgniter\Boot::runCodeIgniter(Object(CodeIgniter\CodeIgniter))
11 FCPATH\index.php(59): CodeIgniter\Boot::bootWeb(Object(Config\Paths))
DEBUG - 2026-03-31 15:35:18 --> Session: Class initialized using 'CodeIgniter\Session\Handlers\FileHandler' driver.
ERROR - 2026-03-31 15:35:19 --> Unknown column 'password' in 'field list'
in SYSTEMPATH\Database\MySQLi\Connection.php on line 300.
 1 SYSTEMPATH\Database\MySQLi\Connection.php(300): mysqli->query('INSERT INTO `users` (`email`, `password`, `created_at`) VALUES (\'levi@eastminster.ac.uk\', \'$2y$10$7boxlIx5omPD9Zf8fEsVaeW/StmU/zCONrapuMGW63ZeNCcswxndK\', \'2026-03-31 15:35:18\')', 0)
 2 SYSTEMPATH\Database\BaseConnection.php(769): CodeIgniter\Database\MySQLi\Connection->execute('INSERT INTO `users` (`email`, `password`, `created_at`) VALUES (\'levi@eastminster.ac.uk\', \'$2y$10$7boxlIx5omPD9Zf8fEsVaeW/StmU/zCONrapuMGW63ZeNCcswxndK\', \'2026-03-31 15:35:18\')')
 3 SYSTEMPATH\Database\BaseConnection.php(686): CodeIgniter\Database\BaseConnection->simpleQuery('INSERT INTO `users` (`email`, `password`, `created_at`) VALUES (\'levi@eastminster.ac.uk\', \'$2y$10$7boxlIx5omPD9Zf8fEsVaeW/StmU/zCONrapuMGW63ZeNCcswxndK\', \'2026-03-31 15:35:18\')')
 4 SYSTEMPATH\Database\BaseBuilder.php(2345): CodeIgniter\Database\BaseConnection->query('INSERT INTO `users` (`email`, `password`, `created_at`) VALUES (:email:, :password:, :created_at:)', [...], false)
 5 APPPATH\Controllers\AuthController.php(27): CodeIgniter\Database\BaseBuilder->insert([...])
 6 SYSTEMPATH\CodeIgniter.php(951): App\Controllers\AuthController->registerPost()
 7 SYSTEMPATH\CodeIgniter.php(497): CodeIgniter\CodeIgniter->runController(Object(App\Controllers\AuthController))
 8 SYSTEMPATH\CodeIgniter.php(340): CodeIgniter\CodeIgniter->handleRequest(null, Object(Config\Cache), false)
 9 SYSTEMPATH\Boot.php(417): CodeIgniter\CodeIgniter->run()
10 SYSTEMPATH\Boot.php(68): CodeIgniter\Boot::runCodeIgniter(Object(CodeIgniter\CodeIgniter))
11 FCPATH\index.php(59): CodeIgniter\Boot::bootWeb(Object(Config\Paths))
CRITICAL - 2026-03-31 15:35:19 --> CodeIgniter\Database\Exceptions\DatabaseException: Unknown column 'password' in 'field list'
[Method: POST, Route: register]
in SYSTEMPATH\Database\BaseConnection.php on line 724.
 1 SYSTEMPATH\Database\BaseBuilder.php(2345): CodeIgniter\Database\BaseConnection->query('INSERT INTO `users` (`email`, `password`, `created_at`) VALUES (:email:, :password:, :created_at:)', [...], false)
 2 APPPATH\Controllers\AuthController.php(27): CodeIgniter\Database\BaseBuilder->insert([...])
 3 SYSTEMPATH\CodeIgniter.php(951): App\Controllers\AuthController->registerPost()
 4 SYSTEMPATH\CodeIgniter.php(497): CodeIgniter\CodeIgniter->runController(Object(App\Controllers\AuthController))
 5 SYSTEMPATH\CodeIgniter.php(340): CodeIgniter\CodeIgniter->handleRequest(null, Object(Config\Cache), false)
 6 SYSTEMPATH\Boot.php(417): CodeIgniter\CodeIgniter->run()
 7 SYSTEMPATH\Boot.php(68): CodeIgniter\Boot::runCodeIgniter(Object(CodeIgniter\CodeIgniter))
 8 FCPATH\index.php(59): CodeIgniter\Boot::bootWeb(Object(Config\Paths))
CRITICAL - 2026-03-31 15:35:19 --> [Caused by] CodeIgniter\Database\Exceptions\DatabaseException: Unknown column 'password' in 'field list'
in SYSTEMPATH\Database\MySQLi\Connection.php on line 310.
 1 SYSTEMPATH\Database\BaseConnection.php(769): CodeIgniter\Database\MySQLi\Connection->execute('INSERT INTO `users` (`email`, `password`, `created_at`) VALUES (\'levi@eastminster.ac.uk\', \'$2y$10$7boxlIx5omPD9Zf8fEsVaeW/StmU/zCONrapuMGW63ZeNCcswxndK\', \'2026-03-31 15:35:18\')')
 2 SYSTEMPATH\Database\BaseConnection.php(686): CodeIgniter\Database\BaseConnection->simpleQuery('INSERT INTO `users` (`email`, `password`, `created_at`) VALUES (\'levi@eastminster.ac.uk\', \'$2y$10$7boxlIx5omPD9Zf8fEsVaeW/StmU/zCONrapuMGW63ZeNCcswxndK\', \'2026-03-31 15:35:18\')')
 3 SYSTEMPATH\Database\BaseBuilder.php(2345): CodeIgniter\Database\BaseConnection->query('INSERT INTO `users` (`email`, `password`, `created_at`) VALUES (:email:, :password:, :created_at:)', [...], false)
 4 APPPATH\Controllers\AuthController.php(27): CodeIgniter\Database\BaseBuilder->insert([...])
 5 SYSTEMPATH\CodeIgniter.php(951): App\Controllers\AuthController->registerPost()
 6 SYSTEMPATH\CodeIgniter.php(497): CodeIgniter\CodeIgniter->runController(Object(App\Controllers\AuthController))
 7 SYSTEMPATH\CodeIgniter.php(340): CodeIgniter\CodeIgniter->handleRequest(null, Object(Config\Cache), false)
 8 SYSTEMPATH\Boot.php(417): CodeIgniter\CodeIgniter->run()
 9 SYSTEMPATH\Boot.php(68): CodeIgniter\Boot::runCodeIgniter(Object(CodeIgniter\CodeIgniter))
10 FCPATH\index.php(59): CodeIgniter\Boot::bootWeb(Object(Config\Paths))
CRITICAL - 2026-03-31 15:35:19 --> [Caused by] mysqli_sql_exception: Unknown column 'password' in 'field list'
in SYSTEMPATH\Database\MySQLi\Connection.php on line 300.
 1 SYSTEMPATH\Database\MySQLi\Connection.php(300): mysqli->query('INSERT INTO `users` (`email`, `password`, `created_at`) VALUES (\'levi@eastminster.ac.uk\', \'$2y$10$7boxlIx5omPD9Zf8fEsVaeW/StmU/zCONrapuMGW63ZeNCcswxndK\', \'2026-03-31 15:35:18\')', 0)
 2 SYSTEMPATH\Database\BaseConnection.php(769): CodeIgniter\Database\MySQLi\Connection->execute('INSERT INTO `users` (`email`, `password`, `created_at`) VALUES (\'levi@eastminster.ac.uk\', \'$2y$10$7boxlIx5omPD9Zf8fEsVaeW/StmU/zCONrapuMGW63ZeNCcswxndK\', \'2026-03-31 15:35:18\')')
 3 SYSTEMPATH\Database\BaseConnection.php(686): CodeIgniter\Database\BaseConnection->simpleQuery('INSERT INTO `users` (`email`, `password`, `created_at`) VALUES (\'levi@eastminster.ac.uk\', \'$2y$10$7boxlIx5omPD9Zf8fEsVaeW/StmU/zCONrapuMGW63ZeNCcswxndK\', \'2026-03-31 15:35:18\')')
 4 SYSTEMPATH\Database\BaseBuilder.php(2345): CodeIgniter\Database\BaseConnection->query('INSERT INTO `users` (`email`, `password`, `created_at`) VALUES (:email:, :password:, :created_at:)', [...], false)
 5 APPPATH\Controllers\AuthController.php(27): CodeIgniter\Database\BaseBuilder->insert([...])
 6 SYSTEMPATH\CodeIgniter.php(951): App\Controllers\AuthController->registerPost()
 7 SYSTEMPATH\CodeIgniter.php(497): CodeIgniter\CodeIgniter->runController(Object(App\Controllers\AuthController))
 8 SYSTEMPATH\CodeIgniter.php(340): CodeIgniter\CodeIgniter->handleRequest(null, Object(Config\Cache), false)
 9 SYSTEMPATH\Boot.php(417): CodeIgniter\CodeIgniter->run()
10 SYSTEMPATH\Boot.php(68): CodeIgniter\Boot::runCodeIgniter(Object(CodeIgniter\CodeIgniter))
11 FCPATH\index.php(59): CodeIgniter\Boot::bootWeb(Object(Config\Paths))
DEBUG - 2026-03-31 15:36:54 --> Session: Class initialized using 'CodeIgniter\Session\Handlers\FileHandler' driver.
DEBUG - 2026-03-31 15:37:11 --> Session: Class initialized using 'CodeIgniter\Session\Handlers\FileHandler' driver.
ERROR - 2026-03-31 15:37:11 --> Unknown column 'password' in 'field list'
in SYSTEMPATH\Database\MySQLi\Connection.php on line 300.
 1 SYSTEMPATH\Database\MySQLi\Connection.php(300): mysqli->query('INSERT INTO `users` (`email`, `password`, `created_at`) VALUES (\'levi@eastminster.ac.uk\', \'$2y$10$ODS7gQV0NEoMpCyTFF99LOjpYW2MHN5IB6P2UhWRMymG5cy7iKIre\', \'2026-03-31 15:37:11\')', 0)
 2 SYSTEMPATH\Database\BaseConnection.php(769): CodeIgniter\Database\MySQLi\Connection->execute('INSERT INTO `users` (`email`, `password`, `created_at`) VALUES (\'levi@eastminster.ac.uk\', \'$2y$10$ODS7gQV0NEoMpCyTFF99LOjpYW2MHN5IB6P2UhWRMymG5cy7iKIre\', \'2026-03-31 15:37:11\')')
 3 SYSTEMPATH\Database\BaseConnection.php(686): CodeIgniter\Database\BaseConnection->simpleQuery('INSERT INTO `users` (`email`, `password`, `created_at`) VALUES (\'levi@eastminster.ac.uk\', \'$2y$10$ODS7gQV0NEoMpCyTFF99LOjpYW2MHN5IB6P2UhWRMymG5cy7iKIre\', \'2026-03-31 15:37:11\')')
 4 SYSTEMPATH\Database\BaseBuilder.php(2345): CodeIgniter\Database\BaseConnection->query('INSERT INTO `users` (`email`, `password`, `created_at`) VALUES (:email:, :password:, :created_at:)', [...], false)
 5 APPPATH\Controllers\AuthController.php(27): CodeIgniter\Database\BaseBuilder->insert([...])
 6 SYSTEMPATH\CodeIgniter.php(951): App\Controllers\AuthController->registerPost()
 7 SYSTEMPATH\CodeIgniter.php(497): CodeIgniter\CodeIgniter->runController(Object(App\Controllers\AuthController))
 8 SYSTEMPATH\CodeIgniter.php(340): CodeIgniter\CodeIgniter->handleRequest(null, Object(Config\Cache), false)
 9 SYSTEMPATH\Boot.php(417): CodeIgniter\CodeIgniter->run()
10 SYSTEMPATH\Boot.php(68): CodeIgniter\Boot::runCodeIgniter(Object(CodeIgniter\CodeIgniter))
11 FCPATH\index.php(59): CodeIgniter\Boot::bootWeb(Object(Config\Paths))
CRITICAL - 2026-03-31 15:37:11 --> CodeIgniter\Database\Exceptions\DatabaseException: Unknown column 'password' in 'field list'
[Method: POST, Route: register]
in SYSTEMPATH\Database\BaseConnection.php on line 724.
 1 SYSTEMPATH\Database\BaseBuilder.php(2345): CodeIgniter\Database\BaseConnection->query('INSERT INTO `users` (`email`, `password`, `created_at`) VALUES (:email:, :password:, :created_at:)', [...], false)
 2 APPPATH\Controllers\AuthController.php(27): CodeIgniter\Database\BaseBuilder->insert([...])
 3 SYSTEMPATH\CodeIgniter.php(951): App\Controllers\AuthController->registerPost()
 4 SYSTEMPATH\CodeIgniter.php(497): CodeIgniter\CodeIgniter->runController(Object(App\Controllers\AuthController))
 5 SYSTEMPATH\CodeIgniter.php(340): CodeIgniter\CodeIgniter->handleRequest(null, Object(Config\Cache), false)
 6 SYSTEMPATH\Boot.php(417): CodeIgniter\CodeIgniter->run()
 7 SYSTEMPATH\Boot.php(68): CodeIgniter\Boot::runCodeIgniter(Object(CodeIgniter\CodeIgniter))
 8 FCPATH\index.php(59): CodeIgniter\Boot::bootWeb(Object(Config\Paths))
CRITICAL - 2026-03-31 15:37:11 --> [Caused by] CodeIgniter\Database\Exceptions\DatabaseException: Unknown column 'password' in 'field list'
in SYSTEMPATH\Database\MySQLi\Connection.php on line 310.
 1 SYSTEMPATH\Database\BaseConnection.php(769): CodeIgniter\Database\MySQLi\Connection->execute('INSERT INTO `users` (`email`, `password`, `created_at`) VALUES (\'levi@eastminster.ac.uk\', \'$2y$10$ODS7gQV0NEoMpCyTFF99LOjpYW2MHN5IB6P2UhWRMymG5cy7iKIre\', \'2026-03-31 15:37:11\')')
 2 SYSTEMPATH\Database\BaseConnection.php(686): CodeIgniter\Database\BaseConnection->simpleQuery('INSERT INTO `users` (`email`, `password`, `created_at`) VALUES (\'levi@eastminster.ac.uk\', \'$2y$10$ODS7gQV0NEoMpCyTFF99LOjpYW2MHN5IB6P2UhWRMymG5cy7iKIre\', \'2026-03-31 15:37:11\')')
 3 SYSTEMPATH\Database\BaseBuilder.php(2345): CodeIgniter\Database\BaseConnection->query('INSERT INTO `users` (`email`, `password`, `created_at`) VALUES (:email:, :password:, :created_at:)', [...], false)
 4 APPPATH\Controllers\AuthController.php(27): CodeIgniter\Database\BaseBuilder->insert([...])
 5 SYSTEMPATH\CodeIgniter.php(951): App\Controllers\AuthController->registerPost()
 6 SYSTEMPATH\CodeIgniter.php(497): CodeIgniter\CodeIgniter->runController(Object(App\Controllers\AuthController))
 7 SYSTEMPATH\CodeIgniter.php(340): CodeIgniter\CodeIgniter->handleRequest(null, Object(Config\Cache), false)
 8 SYSTEMPATH\Boot.php(417): CodeIgniter\CodeIgniter->run()
 9 SYSTEMPATH\Boot.php(68): CodeIgniter\Boot::runCodeIgniter(Object(CodeIgniter\CodeIgniter))
10 FCPATH\index.php(59): CodeIgniter\Boot::bootWeb(Object(Config\Paths))
CRITICAL - 2026-03-31 15:37:11 --> [Caused by] mysqli_sql_exception: Unknown column 'password' in 'field list'
in SYSTEMPATH\Database\MySQLi\Connection.php on line 300.
 1 SYSTEMPATH\Database\MySQLi\Connection.php(300): mysqli->query('INSERT INTO `users` (`email`, `password`, `created_at`) VALUES (\'levi@eastminster.ac.uk\', \'$2y$10$ODS7gQV0NEoMpCyTFF99LOjpYW2MHN5IB6P2UhWRMymG5cy7iKIre\', \'2026-03-31 15:37:11\')', 0)
 2 SYSTEMPATH\Database\BaseConnection.php(769): CodeIgniter\Database\MySQLi\Connection->execute('INSERT INTO `users` (`email`, `password`, `created_at`) VALUES (\'levi@eastminster.ac.uk\', \'$2y$10$ODS7gQV0NEoMpCyTFF99LOjpYW2MHN5IB6P2UhWRMymG5cy7iKIre\', \'2026-03-31 15:37:11\')')
 3 SYSTEMPATH\Database\BaseConnection.php(686): CodeIgniter\Database\BaseConnection->simpleQuery('INSERT INTO `users` (`email`, `password`, `created_at`) VALUES (\'levi@eastminster.ac.uk\', \'$2y$10$ODS7gQV0NEoMpCyTFF99LOjpYW2MHN5IB6P2UhWRMymG5cy7iKIre\', \'2026-03-31 15:37:11\')')
 4 SYSTEMPATH\Database\BaseBuilder.php(2345): CodeIgniter\Database\BaseConnection->query('INSERT INTO `users` (`email`, `password`, `created_at`) VALUES (:email:, :password:, :created_at:)', [...], false)
 5 APPPATH\Controllers\AuthController.php(27): CodeIgniter\Database\BaseBuilder->insert([...])
 6 SYSTEMPATH\CodeIgniter.php(951): App\Controllers\AuthController->registerPost()
 7 SYSTEMPATH\CodeIgniter.php(497): CodeIgniter\CodeIgniter->runController(Object(App\Controllers\AuthController))
 8 SYSTEMPATH\CodeIgniter.php(340): CodeIgniter\CodeIgniter->handleRequest(null, Object(Config\Cache), false)
 9 SYSTEMPATH\Boot.php(417): CodeIgniter\CodeIgniter->run()
10 SYSTEMPATH\Boot.php(68): CodeIgniter\Boot::runCodeIgniter(Object(CodeIgniter\CodeIgniter))
11 FCPATH\index.php(59): CodeIgniter\Boot::bootWeb(Object(Config\Paths))
DEBUG - 2026-03-31 15:38:51 --> Session: Class initialized using 'CodeIgniter\Session\Handlers\FileHandler' driver.
DEBUG - 2026-03-31 15:38:53 --> Session: Class initialized using 'CodeIgniter\Session\Handlers\FileHandler' driver.
DEBUG - 2026-03-31 15:39:10 --> Session: Class initialized using 'CodeIgniter\Session\Handlers\FileHandler' driver.
DEBUG - 2026-03-31 15:39:10 --> Session: Class initialized using 'CodeIgniter\Session\Handlers\FileHandler' driver.
DEBUG - 2026-03-31 15:39:27 --> Session: Class initialized using 'CodeIgniter\Session\Handlers\FileHandler' driver.
DEBUG - 2026-03-31 15:39:27 --> Session: Class initialized using 'CodeIgniter\Session\Handlers\FileHandler' driver.
DEBUG - 2026-03-31 15:39:49 --> Session: Class initialized using 'CodeIgniter\Session\Handlers\FileHandler' driver.
DEBUG - 2026-03-31 15:39:50 --> Session: Class initialized using 'CodeIgniter\Session\Handlers\FileHandler' driver.
DEBUG - 2026-03-31 15:39:54 --> Session: Class initialized using 'CodeIgniter\Session\Handlers\FileHandler' driver.
DEBUG - 2026-03-31 15:39:57 --> Session: Class initialized using 'CodeIgniter\Session\Handlers\FileHandler' driver.
DEBUG - 2026-03-31 15:40:09 --> Session: Class initialized using 'CodeIgniter\Session\Handlers\FileHandler' driver.
CRITICAL - 2026-03-31 15:40:09 --> ErrorException: Undefined property: stdClass::$password
[Method: POST, Route: login]
in APPPATH\Controllers\AuthController.php on line 75.
 1 APPPATH\Controllers\AuthController.php(75): CodeIgniter\Debug\Exceptions->errorHandler(2, 'Undefined property: stdClass::$password', 'C:\\xampp\\htdocs\\alumni_influencer_fixed\\app\\Controllers\\AuthController.php', 75)
 2 SYSTEMPATH\CodeIgniter.php(951): App\Controllers\AuthController->loginPost()
 3 SYSTEMPATH\CodeIgniter.php(497): CodeIgniter\CodeIgniter->runController(Object(App\Controllers\AuthController))
 4 SYSTEMPATH\CodeIgniter.php(340): CodeIgniter\CodeIgniter->handleRequest(null, Object(Config\Cache), false)
 5 SYSTEMPATH\Boot.php(417): CodeIgniter\CodeIgniter->run()
 6 SYSTEMPATH\Boot.php(68): CodeIgniter\Boot::runCodeIgniter(Object(CodeIgniter\CodeIgniter))
 7 FCPATH\index.php(59): CodeIgniter\Boot::bootWeb(Object(Config\Paths))
DEBUG - 2026-03-31 15:40:14 --> Session: Class initialized using 'CodeIgniter\Session\Handlers\FileHandler' driver.
DEBUG - 2026-03-31 15:40:18 --> Session: Class initialized using 'CodeIgniter\Session\Handlers\FileHandler' driver.
DEBUG - 2026-03-31 15:40:45 --> Session: Class initialized using 'CodeIgniter\Session\Handlers\FileHandler' driver.
DEBUG - 2026-03-31 15:40:45 --> Session: Class initialized using 'CodeIgniter\Session\Handlers\FileHandler' driver.
DEBUG - 2026-03-31 15:43:28 --> Session: Class initialized using 'CodeIgniter\Session\Handlers\FileHandler' driver.
DEBUG - 2026-03-31 15:43:51 --> Session: Class initialized using 'CodeIgniter\Session\Handlers\FileHandler' driver.
DEBUG - 2026-03-31 15:43:52 --> Session: Class initialized using 'CodeIgniter\Session\Handlers\FileHandler' driver.
ERROR - 2026-03-31 15:47:37 --> Unknown column 'password' in 'field list'
in SYSTEMPATH\Database\MySQLi\Connection.php on line 300.
 1 SYSTEMPATH\Database\MySQLi\Connection.php(300): mysqli->query('INSERT INTO `users` (`name`, `email`, `role`, `password`, `is_verified`, `created_at`, `updated_at`) VALUES (\'zimba jayasinghe\', \'zimba@eastminster.ac.uk\', \'alumnus\', \'$2y$10$q/b66nM2JkOlvK7J5evAUuSFG5kftOnndm.thB987QIKJANeAWwdW\', 1, \'2026-03-31 15:47:37\', \'2026-03-31 15:47:37\')', 0)
 2 SYSTEMPATH\Database\BaseConnection.php(769): CodeIgniter\Database\MySQLi\Connection->execute('INSERT INTO `users` (`name`, `email`, `role`, `password`, `is_verified`, `created_at`, `updated_at`) VALUES (\'zimba jayasinghe\', \'zimba@eastminster.ac.uk\', \'alumnus\', \'$2y$10$q/b66nM2JkOlvK7J5evAUuSFG5kftOnndm.thB987QIKJANeAWwdW\', 1, \'2026-03-31 15:47:37\', \'2026-03-31 15:47:37\')')
 3 SYSTEMPATH\Database\BaseConnection.php(686): CodeIgniter\Database\BaseConnection->simpleQuery('INSERT INTO `users` (`name`, `email`, `role`, `password`, `is_verified`, `created_at`, `updated_at`) VALUES (\'zimba jayasinghe\', \'zimba@eastminster.ac.uk\', \'alumnus\', \'$2y$10$q/b66nM2JkOlvK7J5evAUuSFG5kftOnndm.thB987QIKJANeAWwdW\', 1, \'2026-03-31 15:47:37\', \'2026-03-31 15:47:37\')')
 4 SYSTEMPATH\Database\BaseBuilder.php(2345): CodeIgniter\Database\BaseConnection->query('INSERT INTO `users` (`name`, `email`, `role`, `password`, `is_verified`, `created_at`, `updated_at`) VALUES (:name:, :email:, :role:, :password:, :is_verified:, :created_at:, :updated_at:)', [...], false)
 5 APPPATH\Controllers\AuthController.php(47): CodeIgniter\Database\BaseBuilder->insert([...])
 6 SYSTEMPATH\CodeIgniter.php(951): App\Controllers\AuthController->registerPost()
 7 SYSTEMPATH\CodeIgniter.php(497): CodeIgniter\CodeIgniter->runController(Object(App\Controllers\AuthController))
 8 SYSTEMPATH\CodeIgniter.php(340): CodeIgniter\CodeIgniter->handleRequest(null, Object(Config\Cache), false)
 9 SYSTEMPATH\Boot.php(417): CodeIgniter\CodeIgniter->run()
10 SYSTEMPATH\Boot.php(68): CodeIgniter\Boot::runCodeIgniter(Object(CodeIgniter\CodeIgniter))
11 FCPATH\index.php(59): CodeIgniter\Boot::bootWeb(Object(Config\Paths))
CRITICAL - 2026-03-31 15:47:37 --> CodeIgniter\Database\Exceptions\DatabaseException: Unknown column 'password' in 'field list'
[Method: POST, Route: register]
in SYSTEMPATH\Database\BaseConnection.php on line 724.
 1 SYSTEMPATH\Database\BaseBuilder.php(2345): CodeIgniter\Database\BaseConnection->query('INSERT INTO `users` (`name`, `email`, `role`, `password`, `is_verified`, `created_at`, `updated_at`) VALUES (:name:, :email:, :role:, :password:, :is_verified:, :created_at:, :updated_at:)', [...], false)
 2 APPPATH\Controllers\AuthController.php(47): CodeIgniter\Database\BaseBuilder->insert([...])
 3 SYSTEMPATH\CodeIgniter.php(951): App\Controllers\AuthController->registerPost()
 4 SYSTEMPATH\CodeIgniter.php(497): CodeIgniter\CodeIgniter->runController(Object(App\Controllers\AuthController))
 5 SYSTEMPATH\CodeIgniter.php(340): CodeIgniter\CodeIgniter->handleRequest(null, Object(Config\Cache), false)
 6 SYSTEMPATH\Boot.php(417): CodeIgniter\CodeIgniter->run()
 7 SYSTEMPATH\Boot.php(68): CodeIgniter\Boot::runCodeIgniter(Object(CodeIgniter\CodeIgniter))
 8 FCPATH\index.php(59): CodeIgniter\Boot::bootWeb(Object(Config\Paths))
CRITICAL - 2026-03-31 15:47:37 --> [Caused by] CodeIgniter\Database\Exceptions\DatabaseException: Unknown column 'password' in 'field list'
in SYSTEMPATH\Database\MySQLi\Connection.php on line 310.
 1 SYSTEMPATH\Database\BaseConnection.php(769): CodeIgniter\Database\MySQLi\Connection->execute('INSERT INTO `users` (`name`, `email`, `role`, `password`, `is_verified`, `created_at`, `updated_at`) VALUES (\'zimba jayasinghe\', \'zimba@eastminster.ac.uk\', \'alumnus\', \'$2y$10$q/b66nM2JkOlvK7J5evAUuSFG5kftOnndm.thB987QIKJANeAWwdW\', 1, \'2026-03-31 15:47:37\', \'2026-03-31 15:47:37\')')
 2 SYSTEMPATH\Database\BaseConnection.php(686): CodeIgniter\Database\BaseConnection->simpleQuery('INSERT INTO `users` (`name`, `email`, `role`, `password`, `is_verified`, `created_at`, `updated_at`) VALUES (\'zimba jayasinghe\', \'zimba@eastminster.ac.uk\', \'alumnus\', \'$2y$10$q/b66nM2JkOlvK7J5evAUuSFG5kftOnndm.thB987QIKJANeAWwdW\', 1, \'2026-03-31 15:47:37\', \'2026-03-31 15:47:37\')')
 3 SYSTEMPATH\Database\BaseBuilder.php(2345): CodeIgniter\Database\BaseConnection->query('INSERT INTO `users` (`name`, `email`, `role`, `password`, `is_verified`, `created_at`, `updated_at`) VALUES (:name:, :email:, :role:, :password:, :is_verified:, :created_at:, :updated_at:)', [...], false)
 4 APPPATH\Controllers\AuthController.php(47): CodeIgniter\Database\BaseBuilder->insert([...])
 5 SYSTEMPATH\CodeIgniter.php(951): App\Controllers\AuthController->registerPost()
 6 SYSTEMPATH\CodeIgniter.php(497): CodeIgniter\CodeIgniter->runController(Object(App\Controllers\AuthController))
 7 SYSTEMPATH\CodeIgniter.php(340): CodeIgniter\CodeIgniter->handleRequest(null, Object(Config\Cache), false)
 8 SYSTEMPATH\Boot.php(417): CodeIgniter\CodeIgniter->run()
 9 SYSTEMPATH\Boot.php(68): CodeIgniter\Boot::runCodeIgniter(Object(CodeIgniter\CodeIgniter))
10 FCPATH\index.php(59): CodeIgniter\Boot::bootWeb(Object(Config\Paths))
CRITICAL - 2026-03-31 15:47:37 --> [Caused by] mysqli_sql_exception: Unknown column 'password' in 'field list'
in SYSTEMPATH\Database\MySQLi\Connection.php on line 300.
 1 SYSTEMPATH\Database\MySQLi\Connection.php(300): mysqli->query('INSERT INTO `users` (`name`, `email`, `role`, `password`, `is_verified`, `created_at`, `updated_at`) VALUES (\'zimba jayasinghe\', \'zimba@eastminster.ac.uk\', \'alumnus\', \'$2y$10$q/b66nM2JkOlvK7J5evAUuSFG5kftOnndm.thB987QIKJANeAWwdW\', 1, \'2026-03-31 15:47:37\', \'2026-03-31 15:47:37\')', 0)
 2 SYSTEMPATH\Database\BaseConnection.php(769): CodeIgniter\Database\MySQLi\Connection->execute('INSERT INTO `users` (`name`, `email`, `role`, `password`, `is_verified`, `created_at`, `updated_at`) VALUES (\'zimba jayasinghe\', \'zimba@eastminster.ac.uk\', \'alumnus\', \'$2y$10$q/b66nM2JkOlvK7J5evAUuSFG5kftOnndm.thB987QIKJANeAWwdW\', 1, \'2026-03-31 15:47:37\', \'2026-03-31 15:47:37\')')
 3 SYSTEMPATH\Database\BaseConnection.php(686): CodeIgniter\Database\BaseConnection->simpleQuery('INSERT INTO `users` (`name`, `email`, `role`, `password`, `is_verified`, `created_at`, `updated_at`) VALUES (\'zimba jayasinghe\', \'zimba@eastminster.ac.uk\', \'alumnus\', \'$2y$10$q/b66nM2JkOlvK7J5evAUuSFG5kftOnndm.thB987QIKJANeAWwdW\', 1, \'2026-03-31 15:47:37\', \'2026-03-31 15:47:37\')')
 4 SYSTEMPATH\Database\BaseBuilder.php(2345): CodeIgniter\Database\BaseConnection->query('INSERT INTO `users` (`name`, `email`, `role`, `password`, `is_verified`, `created_at`, `updated_at`) VALUES (:name:, :email:, :role:, :password:, :is_verified:, :created_at:, :updated_at:)', [...], false)
 5 APPPATH\Controllers\AuthController.php(47): CodeIgniter\Database\BaseBuilder->insert([...])
 6 SYSTEMPATH\CodeIgniter.php(951): App\Controllers\AuthController->registerPost()
 7 SYSTEMPATH\CodeIgniter.php(497): CodeIgniter\CodeIgniter->runController(Object(App\Controllers\AuthController))
 8 SYSTEMPATH\CodeIgniter.php(340): CodeIgniter\CodeIgniter->handleRequest(null, Object(Config\Cache), false)
 9 SYSTEMPATH\Boot.php(417): CodeIgniter\CodeIgniter->run()
10 SYSTEMPATH\Boot.php(68): CodeIgniter\Boot::runCodeIgniter(Object(CodeIgniter\CodeIgniter))
11 FCPATH\index.php(59): CodeIgniter\Boot::bootWeb(Object(Config\Paths))
DEBUG - 2026-03-31 15:48:51 --> Session: Class initialized using 'CodeIgniter\Session\Handlers\FileHandler' driver.
ERROR - 2026-03-31 15:48:51 --> Unknown column 'password' in 'field list'
in SYSTEMPATH\Database\MySQLi\Connection.php on line 300.
 1 SYSTEMPATH\Database\MySQLi\Connection.php(300): mysqli->query('INSERT INTO `users` (`name`, `email`, `role`, `password`, `is_verified`, `created_at`, `updated_at`) VALUES (\'zimba jayasinghe\', \'zimba@eastminster.ac.uk\', \'alumnus\', \'$2y$10$gl7TYbhJS5A2n1SCdmPvTOUICkGf5jq6MiQZrXpPvopnRkd8qV7qO\', 1, \'2026-03-31 15:48:51\', \'2026-03-31 15:48:51\')', 0)
 2 SYSTEMPATH\Database\BaseConnection.php(769): CodeIgniter\Database\MySQLi\Connection->execute('INSERT INTO `users` (`name`, `email`, `role`, `password`, `is_verified`, `created_at`, `updated_at`) VALUES (\'zimba jayasinghe\', \'zimba@eastminster.ac.uk\', \'alumnus\', \'$2y$10$gl7TYbhJS5A2n1SCdmPvTOUICkGf5jq6MiQZrXpPvopnRkd8qV7qO\', 1, \'2026-03-31 15:48:51\', \'2026-03-31 15:48:51\')')
 3 SYSTEMPATH\Database\BaseConnection.php(686): CodeIgniter\Database\BaseConnection->simpleQuery('INSERT INTO `users` (`name`, `email`, `role`, `password`, `is_verified`, `created_at`, `updated_at`) VALUES (\'zimba jayasinghe\', \'zimba@eastminster.ac.uk\', \'alumnus\', \'$2y$10$gl7TYbhJS5A2n1SCdmPvTOUICkGf5jq6MiQZrXpPvopnRkd8qV7qO\', 1, \'2026-03-31 15:48:51\', \'2026-03-31 15:48:51\')')
 4 SYSTEMPATH\Database\BaseBuilder.php(2345): CodeIgniter\Database\BaseConnection->query('INSERT INTO `users` (`name`, `email`, `role`, `password`, `is_verified`, `created_at`, `updated_at`) VALUES (:name:, :email:, :role:, :password:, :is_verified:, :created_at:, :updated_at:)', [...], false)
 5 APPPATH\Controllers\AuthController.php(47): CodeIgniter\Database\BaseBuilder->insert([...])
 6 SYSTEMPATH\CodeIgniter.php(951): App\Controllers\AuthController->registerPost()
 7 SYSTEMPATH\CodeIgniter.php(497): CodeIgniter\CodeIgniter->runController(Object(App\Controllers\AuthController))
 8 SYSTEMPATH\CodeIgniter.php(340): CodeIgniter\CodeIgniter->handleRequest(null, Object(Config\Cache), false)
 9 SYSTEMPATH\Boot.php(417): CodeIgniter\CodeIgniter->run()
10 SYSTEMPATH\Boot.php(68): CodeIgniter\Boot::runCodeIgniter(Object(CodeIgniter\CodeIgniter))
11 FCPATH\index.php(59): CodeIgniter\Boot::bootWeb(Object(Config\Paths))
CRITICAL - 2026-03-31 15:48:51 --> CodeIgniter\Database\Exceptions\DatabaseException: Unknown column 'password' in 'field list'
[Method: POST, Route: register]
in SYSTEMPATH\Database\BaseConnection.php on line 724.
 1 SYSTEMPATH\Database\BaseBuilder.php(2345): CodeIgniter\Database\BaseConnection->query('INSERT INTO `users` (`name`, `email`, `role`, `password`, `is_verified`, `created_at`, `updated_at`) VALUES (:name:, :email:, :role:, :password:, :is_verified:, :created_at:, :updated_at:)', [...], false)
 2 APPPATH\Controllers\AuthController.php(47): CodeIgniter\Database\BaseBuilder->insert([...])
 3 SYSTEMPATH\CodeIgniter.php(951): App\Controllers\AuthController->registerPost()
 4 SYSTEMPATH\CodeIgniter.php(497): CodeIgniter\CodeIgniter->runController(Object(App\Controllers\AuthController))
 5 SYSTEMPATH\CodeIgniter.php(340): CodeIgniter\CodeIgniter->handleRequest(null, Object(Config\Cache), false)
 6 SYSTEMPATH\Boot.php(417): CodeIgniter\CodeIgniter->run()
 7 SYSTEMPATH\Boot.php(68): CodeIgniter\Boot::runCodeIgniter(Object(CodeIgniter\CodeIgniter))
 8 FCPATH\index.php(59): CodeIgniter\Boot::bootWeb(Object(Config\Paths))
CRITICAL - 2026-03-31 15:48:51 --> [Caused by] CodeIgniter\Database\Exceptions\DatabaseException: Unknown column 'password' in 'field list'
in SYSTEMPATH\Database\MySQLi\Connection.php on line 310.
 1 SYSTEMPATH\Database\BaseConnection.php(769): CodeIgniter\Database\MySQLi\Connection->execute('INSERT INTO `users` (`name`, `email`, `role`, `password`, `is_verified`, `created_at`, `updated_at`) VALUES (\'zimba jayasinghe\', \'zimba@eastminster.ac.uk\', \'alumnus\', \'$2y$10$gl7TYbhJS5A2n1SCdmPvTOUICkGf5jq6MiQZrXpPvopnRkd8qV7qO\', 1, \'2026-03-31 15:48:51\', \'2026-03-31 15:48:51\')')
 2 SYSTEMPATH\Database\BaseConnection.php(686): CodeIgniter\Database\BaseConnection->simpleQuery('INSERT INTO `users` (`name`, `email`, `role`, `password`, `is_verified`, `created_at`, `updated_at`) VALUES (\'zimba jayasinghe\', \'zimba@eastminster.ac.uk\', \'alumnus\', \'$2y$10$gl7TYbhJS5A2n1SCdmPvTOUICkGf5jq6MiQZrXpPvopnRkd8qV7qO\', 1, \'2026-03-31 15:48:51\', \'2026-03-31 15:48:51\')')
 3 SYSTEMPATH\Database\BaseBuilder.php(2345): CodeIgniter\Database\BaseConnection->query('INSERT INTO `users` (`name`, `email`, `role`, `password`, `is_verified`, `created_at`, `updated_at`) VALUES (:name:, :email:, :role:, :password:, :is_verified:, :created_at:, :updated_at:)', [...], false)
 4 APPPATH\Controllers\AuthController.php(47): CodeIgniter\Database\BaseBuilder->insert([...])
 5 SYSTEMPATH\CodeIgniter.php(951): App\Controllers\AuthController->registerPost()
 6 SYSTEMPATH\CodeIgniter.php(497): CodeIgniter\CodeIgniter->runController(Object(App\Controllers\AuthController))
 7 SYSTEMPATH\CodeIgniter.php(340): CodeIgniter\CodeIgniter->handleRequest(null, Object(Config\Cache), false)
 8 SYSTEMPATH\Boot.php(417): CodeIgniter\CodeIgniter->run()
 9 SYSTEMPATH\Boot.php(68): CodeIgniter\Boot::runCodeIgniter(Object(CodeIgniter\CodeIgniter))
10 FCPATH\index.php(59): CodeIgniter\Boot::bootWeb(Object(Config\Paths))
CRITICAL - 2026-03-31 15:48:51 --> [Caused by] mysqli_sql_exception: Unknown column 'password' in 'field list'
in SYSTEMPATH\Database\MySQLi\Connection.php on line 300.
 1 SYSTEMPATH\Database\MySQLi\Connection.php(300): mysqli->query('INSERT INTO `users` (`name`, `email`, `role`, `password`, `is_verified`, `created_at`, `updated_at`) VALUES (\'zimba jayasinghe\', \'zimba@eastminster.ac.uk\', \'alumnus\', \'$2y$10$gl7TYbhJS5A2n1SCdmPvTOUICkGf5jq6MiQZrXpPvopnRkd8qV7qO\', 1, \'2026-03-31 15:48:51\', \'2026-03-31 15:48:51\')', 0)
 2 SYSTEMPATH\Database\BaseConnection.php(769): CodeIgniter\Database\MySQLi\Connection->execute('INSERT INTO `users` (`name`, `email`, `role`, `password`, `is_verified`, `created_at`, `updated_at`) VALUES (\'zimba jayasinghe\', \'zimba@eastminster.ac.uk\', \'alumnus\', \'$2y$10$gl7TYbhJS5A2n1SCdmPvTOUICkGf5jq6MiQZrXpPvopnRkd8qV7qO\', 1, \'2026-03-31 15:48:51\', \'2026-03-31 15:48:51\')')
 3 SYSTEMPATH\Database\BaseConnection.php(686): CodeIgniter\Database\BaseConnection->simpleQuery('INSERT INTO `users` (`name`, `email`, `role`, `password`, `is_verified`, `created_at`, `updated_at`) VALUES (\'zimba jayasinghe\', \'zimba@eastminster.ac.uk\', \'alumnus\', \'$2y$10$gl7TYbhJS5A2n1SCdmPvTOUICkGf5jq6MiQZrXpPvopnRkd8qV7qO\', 1, \'2026-03-31 15:48:51\', \'2026-03-31 15:48:51\')')
 4 SYSTEMPATH\Database\BaseBuilder.php(2345): CodeIgniter\Database\BaseConnection->query('INSERT INTO `users` (`name`, `email`, `role`, `password`, `is_verified`, `created_at`, `updated_at`) VALUES (:name:, :email:, :role:, :password:, :is_verified:, :created_at:, :updated_at:)', [...], false)
 5 APPPATH\Controllers\AuthController.php(47): CodeIgniter\Database\BaseBuilder->insert([...])
 6 SYSTEMPATH\CodeIgniter.php(951): App\Controllers\AuthController->registerPost()
 7 SYSTEMPATH\CodeIgniter.php(497): CodeIgniter\CodeIgniter->runController(Object(App\Controllers\AuthController))
 8 SYSTEMPATH\CodeIgniter.php(340): CodeIgniter\CodeIgniter->handleRequest(null, Object(Config\Cache), false)
 9 SYSTEMPATH\Boot.php(417): CodeIgniter\CodeIgniter->run()
10 SYSTEMPATH\Boot.php(68): CodeIgniter\Boot::runCodeIgniter(Object(CodeIgniter\CodeIgniter))
11 FCPATH\index.php(59): CodeIgniter\Boot::bootWeb(Object(Config\Paths))
DEBUG - 2026-03-31 15:54:42 --> Session: Class initialized using 'CodeIgniter\Session\Handlers\FileHandler' driver.
DEBUG - 2026-03-31 15:54:43 --> Session: Class initialized using 'CodeIgniter\Session\Handlers\FileHandler' driver.
DEBUG - 2026-03-31 15:55:00 --> Session: Class initialized using 'CodeIgniter\Session\Handlers\FileHandler' driver.
DEBUG - 2026-03-31 15:55:00 --> Session: Class initialized using 'CodeIgniter\Session\Handlers\FileHandler' driver.
DEBUG - 2026-03-31 15:55:08 --> Session: Class initialized using 'CodeIgniter\Session\Handlers\FileHandler' driver.
DEBUG - 2026-03-31 15:55:09 --> Session: Class initialized using 'CodeIgniter\Session\Handlers\FileHandler' driver.
DEBUG - 2026-03-31 15:55:17 --> Session: Class initialized using 'CodeIgniter\Session\Handlers\FileHandler' driver.
DEBUG - 2026-03-31 15:55:24 --> Session: Class initialized using 'CodeIgniter\Session\Handlers\FileHandler' driver.
DEBUG - 2026-03-31 15:55:24 --> Session: Class initialized using 'CodeIgniter\Session\Handlers\FileHandler' driver.
DEBUG - 2026-03-31 15:55:34 --> Session: Class initialized using 'CodeIgniter\Session\Handlers\FileHandler' driver.
DEBUG - 2026-03-31 15:55:34 --> Session: Class initialized using 'CodeIgniter\Session\Handlers\FileHandler' driver.
DEBUG - 2026-03-31 15:55:46 --> Session: Class initialized using 'CodeIgniter\Session\Handlers\FileHandler' driver.
DEBUG - 2026-03-31 15:55:46 --> Session: Class initialized using 'CodeIgniter\Session\Handlers\FileHandler' driver.
DEBUG - 2026-03-31 15:55:57 --> Session: Class initialized using 'CodeIgniter\Session\Handlers\FileHandler' driver.
DEBUG - 2026-03-31 15:56:45 --> Session: Class initialized using 'CodeIgniter\Session\Handlers\FileHandler' driver.
DEBUG - 2026-03-31 15:57:02 --> Session: Class initialized using 'CodeIgniter\Session\Handlers\FileHandler' driver.
DEBUG - 2026-03-31 15:57:03 --> Session: Class initialized using 'CodeIgniter\Session\Handlers\FileHandler' driver.
DEBUG - 2026-03-31 15:57:41 --> Session: Class initialized using 'CodeIgniter\Session\Handlers\FileHandler' driver.
DEBUG - 2026-03-31 15:57:42 --> Session: Class initialized using 'CodeIgniter\Session\Handlers\FileHandler' driver.
DEBUG - 2026-03-31 15:57:53 --> Session: Class initialized using 'CodeIgniter\Session\Handlers\FileHandler' driver.
DEBUG - 2026-03-31 15:57:53 --> Session: Class initialized using 'CodeIgniter\Session\Handlers\FileHandler' driver.
DEBUG - 2026-03-31 15:57:57 --> Session: Class initialized using 'CodeIgniter\Session\Handlers\FileHandler' driver.
DEBUG - 2026-03-31 15:58:05 --> Session: Class initialized using 'CodeIgniter\Session\Handlers\FileHandler' driver.
DEBUG - 2026-03-31 15:58:12 --> Session: Class initialized using 'CodeIgniter\Session\Handlers\FileHandler' driver.
DEBUG - 2026-03-31 15:58:17 --> Session: Class initialized using 'CodeIgniter\Session\Handlers\FileHandler' driver.
DEBUG - 2026-03-31 15:59:06 --> Session: Class initialized using 'CodeIgniter\Session\Handlers\FileHandler' driver.
DEBUG - 2026-03-31 15:59:07 --> Session: Class initialized using 'CodeIgniter\Session\Handlers\FileHandler' driver.
DEBUG - 2026-03-31 16:02:43 --> Session: Class initialized using 'CodeIgniter\Session\Handlers\FileHandler' driver.
DEBUG - 2026-03-31 16:02:44 --> Session: Class initialized using 'CodeIgniter\Session\Handlers\FileHandler' driver.
DEBUG - 2026-03-31 16:02:51 --> Session: Class initialized using 'CodeIgniter\Session\Handlers\FileHandler' driver.
DEBUG - 2026-03-31 16:04:14 --> Session: Class initialized using 'CodeIgniter\Session\Handlers\FileHandler' driver.
DEBUG - 2026-03-31 16:04:22 --> Session: Class initialized using 'CodeIgniter\Session\Handlers\FileHandler' driver.
DEBUG - 2026-03-31 16:04:35 --> Session: Class initialized using 'CodeIgniter\Session\Handlers\FileHandler' driver.
DEBUG - 2026-03-31 16:04:35 --> Session: Class initialized using 'CodeIgniter\Session\Handlers\FileHandler' driver.
DEBUG - 2026-03-31 16:04:38 --> Session: Class initialized using 'CodeIgniter\Session\Handlers\FileHandler' driver.
DEBUG - 2026-03-31 16:04:50 --> Session: Class initialized using 'CodeIgniter\Session\Handlers\FileHandler' driver.
DEBUG - 2026-03-31 16:05:13 --> Session: Class initialized using 'CodeIgniter\Session\Handlers\FileHandler' driver.
DEBUG - 2026-03-31 16:05:14 --> Session: Class initialized using 'CodeIgniter\Session\Handlers\FileHandler' driver.
DEBUG - 2026-03-31 16:05:17 --> Session: Class initialized using 'CodeIgniter\Session\Handlers\FileHandler' driver.
DEBUG - 2026-03-31 16:56:41 --> Session: Class initialized using 'CodeIgniter\Session\Handlers\FileHandler' driver.
DEBUG - 2026-03-31 16:56:45 --> Session: Class initialized using 'CodeIgniter\Session\Handlers\FileHandler' driver.
DEBUG - 2026-03-31 17:00:35 --> Session: Class initialized using 'CodeIgniter\Session\Handlers\FileHandler' driver.
DEBUG - 2026-03-31 17:00:45 --> Session: Class initialized using 'CodeIgniter\Session\Handlers\FileHandler' driver.
DEBUG - 2026-03-31 17:01:32 --> Session: Class initialized using 'CodeIgniter\Session\Handlers\FileHandler' driver.
DEBUG - 2026-03-31 17:01:33 --> Session: Class initialized using 'CodeIgniter\Session\Handlers\FileHandler' driver.
DEBUG - 2026-03-31 17:01:33 --> Session: Class initialized using 'CodeIgniter\Session\Handlers\FileHandler' driver.
DEBUG - 2026-03-31 17:01:34 --> Session: Class initialized using 'CodeIgniter\Session\Handlers\FileHandler' driver.
DEBUG - 2026-03-31 17:01:48 --> Session: Class initialized using 'CodeIgniter\Session\Handlers\FileHandler' driver.
DEBUG - 2026-03-31 17:01:55 --> Session: Class initialized using 'CodeIgniter\Session\Handlers\FileHandler' driver.
DEBUG - 2026-03-31 17:02:02 --> Session: Class initialized using 'CodeIgniter\Session\Handlers\FileHandler' driver.
DEBUG - 2026-03-31 17:02:04 --> Session: Class initialized using 'CodeIgniter\Session\Handlers\FileHandler' driver.
DEBUG - 2026-03-31 17:02:04 --> Session: Class initialized using 'CodeIgniter\Session\Handlers\FileHandler' driver.
DEBUG - 2026-03-31 17:02:09 --> Session: Class initialized using 'CodeIgniter\Session\Handlers\FileHandler' driver.
DEBUG - 2026-03-31 17:02:12 --> Session: Class initialized using 'CodeIgniter\Session\Handlers\FileHandler' driver.
DEBUG - 2026-03-31 17:02:15 --> Session: Class initialized using 'CodeIgniter\Session\Handlers\FileHandler' driver.
DEBUG - 2026-03-31 17:02:25 --> Session: Class initialized using 'CodeIgniter\Session\Handlers\FileHandler' driver.
DEBUG - 2026-03-31 17:02:31 --> Session: Class initialized using 'CodeIgniter\Session\Handlers\FileHandler' driver.
DEBUG - 2026-03-31 17:02:49 --> Session: Class initialized using 'CodeIgniter\Session\Handlers\FileHandler' driver.
DEBUG - 2026-03-31 17:03:04 --> Session: Class initialized using 'CodeIgniter\Session\Handlers\FileHandler' driver.
DEBUG - 2026-03-31 17:03:15 --> Session: Class initialized using 'CodeIgniter\Session\Handlers\FileHandler' driver.
DEBUG - 2026-03-31 17:03:15 --> Session: Class initialized using 'CodeIgniter\Session\Handlers\FileHandler' driver.
DEBUG - 2026-03-31 17:03:50 --> Session: Class initialized using 'CodeIgniter\Session\Handlers\FileHandler' driver.
DEBUG - 2026-03-31 17:03:51 --> Session: Class initialized using 'CodeIgniter\Session\Handlers\FileHandler' driver.
DEBUG - 2026-03-31 17:04:16 --> Session: Class initialized using 'CodeIgniter\Session\Handlers\FileHandler' driver.
DEBUG - 2026-03-31 17:04:47 --> Session: Class initialized using 'CodeIgniter\Session\Handlers\FileHandler' driver.
DEBUG - 2026-03-31 17:04:53 --> Session: Class initialized using 'CodeIgniter\Session\Handlers\FileHandler' driver.
DEBUG - 2026-03-31 17:05:17 --> Session: Class initialized using 'CodeIgniter\Session\Handlers\FileHandler' driver.
DEBUG - 2026-03-31 17:05:32 --> Session: Class initialized using 'CodeIgniter\Session\Handlers\FileHandler' driver.
